<component name="libraryTable">
  <library name="junit-4.0">
    <CLASSES>
      <root url="jar://$USER_HOME$/.gradle/caches/modules-2/files-2.1/junit/junit/4.0/53867ff28a9bd2b05ed2ea6e278f8f6439576e84/junit-4.0.jar!/" />
    </CLASSES>
    <JAVADOC />
    <SOURCES>
      <root url="jar://$USER_HOME$/.gradle/caches/modules-2/files-2.1/junit/junit/4.0/b8cd7308b183ae0c03bc09fea4febb92c0cc5c48/junit-4.0-sources.jar!/" />
    </SOURCES>
  </library>
</component>